<?xml version="1.0" encoding="UTF-8"?>
<!-- Generated by org.testng.reporters.JUnitReportReporter -->
<testsuite hostname="LAPTOP-EO0I3T7F" failures="0" tests="2" name="testCases.Tc_003_LoginDDT" time="3.393" errors="0" timestamp="2023-12-06T13:04:25 CST" skipped="0">
  <testcase classname="testCases.Tc_003_LoginDDT" name="verify_loginDDt" time="1.897"/>
  <testcase classname="testCases.Tc_003_LoginDDT" name="verify_loginDDt" time="1.496"/>
</testsuite> <!-- testCases.Tc_003_LoginDDT -->
