<?xml version="1.0" encoding="UTF-8"?>
<!-- Generated by org.testng.reporters.JUnitReportReporter -->
<testsuite hostname="LAPTOP-EO0I3T7F" failures="0" tests="1" name="testCases.TC_002_LoginTest" time="1.681" errors="0" timestamp="2023-12-07T12:17:13 CST" skipped="0">
  <testcase classname="testCases.TC_002_LoginTest" name="Verify_login" time="1.681"/>
</testsuite> <!-- testCases.TC_002_LoginTest -->
